app/build/intermediates/manifest_merge_blame_file/release/processReleaseMainManifest/manifest-merger-blame-release-report.txt
1<?xml version="1.0" encoding="utf-8"?>
2<manifest xmlns:android="http://schemas.android.com/apk/res/android"
3    package="com.brainwatch"
4    android:versionCode="1"
5    android:versionName="1.0" >
6
7    <uses-sdk
8        android:minSdkVersion="24"
9        android:targetSdkVersion="34" />
10
11    <uses-permission android:name="android.permission.PACKAGE_USAGE_STATS" />
11-->src\main\AndroidManifest.xml:5:5-7:47
11-->src\main\AndroidManifest.xml:6:9-62
12    <uses-permission android:name="android.permission.SYSTEM_ALERT_WINDOW" />
12-->src\main\AndroidManifest.xml:8:5-78
12-->src\main\AndroidManifest.xml:8:22-75
13
14    <application
14-->src\main\AndroidManifest.xml:10:5-52:19
15        android:allowBackup="true"
15-->src\main\AndroidManifest.xml:11:9-35
16        android:extractNativeLibs="false"
17        android:icon="@drawable/ic_launcher"
17-->src\main\AndroidManifest.xml:12:9-45
18        android:label="@string/app_name"
18-->src\main\AndroidManifest.xml:14:9-41
19        android:roundIcon="@drawable/ic_launcher"
19-->src\main\AndroidManifest.xml:13:9-50
20        android:supportsRtl="true"
20-->src\main\AndroidManifest.xml:15:9-35
21        android:theme="@style/Theme.BrainWatch" >
21-->src\main\AndroidManifest.xml:16:9-48
22        <activity
22-->src\main\AndroidManifest.xml:18:9-26:20
23            android:name="com.brainwatch.MainActivity"
23-->src\main\AndroidManifest.xml:19:13-41
24            android:exported="true"
24-->src\main\AndroidManifest.xml:20:13-36
25            android:screenOrientation="portrait" >
25-->src\main\AndroidManifest.xml:21:13-49
26            <intent-filter>
26-->src\main\AndroidManifest.xml:22:13-25:29
27                <action android:name="android.intent.action.MAIN" />
27-->src\main\AndroidManifest.xml:23:17-69
27-->src\main\AndroidManifest.xml:23:25-66
28
29                <category android:name="android.intent.category.LAUNCHER" />
29-->src\main\AndroidManifest.xml:24:17-77
29-->src\main\AndroidManifest.xml:24:27-74
30            </intent-filter>
31        </activity>
32
33        <service
33-->src\main\AndroidManifest.xml:28:9-39:19
34            android:name="com.brainwatch.TrackerService"
34-->src\main\AndroidManifest.xml:29:13-43
35            android:exported="false"
35-->src\main\AndroidManifest.xml:30:13-37
36            android:label="@string/accessibility_label"
36-->src\main\AndroidManifest.xml:31:13-56
37            android:permission="android.permission.BIND_ACCESSIBILITY_SERVICE" >
37-->src\main\AndroidManifest.xml:32:13-79
38            <intent-filter>
38-->src\main\AndroidManifest.xml:33:13-35:29
39                <action android:name="android.accessibilityservice.AccessibilityService" />
39-->src\main\AndroidManifest.xml:34:17-92
39-->src\main\AndroidManifest.xml:34:25-89
40            </intent-filter>
41
42            <meta-data
42-->src\main\AndroidManifest.xml:36:13-38:72
43                android:name="android.accessibilityservice"
43-->src\main\AndroidManifest.xml:37:17-60
44                android:resource="@xml/accessibility_service_config" />
44-->src\main\AndroidManifest.xml:38:17-69
45        </service>
46
47        <receiver
47-->src\main\AndroidManifest.xml:41:9-51:20
48            android:name="com.brainwatch.TrackerWidget"
48-->src\main\AndroidManifest.xml:42:13-42
49            android:exported="true"
49-->src\main\AndroidManifest.xml:43:13-36
50            android:label="@string/widget_label" >
50-->src\main\AndroidManifest.xml:44:13-49
51            <intent-filter>
51-->src\main\AndroidManifest.xml:45:13-47:29
52                <action android:name="android.appwidget.action.APPWIDGET_UPDATE" />
52-->src\main\AndroidManifest.xml:46:17-84
52-->src\main\AndroidManifest.xml:46:25-81
53            </intent-filter>
54
55            <meta-data
55-->src\main\AndroidManifest.xml:48:13-50:63
56                android:name="android.appwidget.provider"
56-->src\main\AndroidManifest.xml:49:17-58
57                android:resource="@xml/tracker_widget_info" />
57-->src\main\AndroidManifest.xml:50:17-60
58        </receiver>
59    </application>
60
61</manifest>